<?xml version="1.0" encoding="UTF-8"?>
<!-- Generated by org.testng.reporters.JUnitReportReporter -->
<testsuite hostname="Neeru" failures="0" tests="4" name="testlayer.LoginTest" time="22.331" errors="0" timestamp="2023-06-21T23:05:09 EDT" skipped="0">
  <testcase classname="testlayer.LoginTest" name="Login" time="6.347"/>
  <testcase classname="testlayer.LoginTest" name="Login" time="6.276"/>
  <testcase classname="testlayer.LoginTest" name="Login" time="6.867"/>
  <testcase classname="testlayer.LoginTest" name="Title" time="2.841"/>
</testsuite> <!-- testlayer.LoginTest -->
